{"contracts/Crowdsale.sol":{"l":{"33":14,"34":14,"35":14,"36":14,"37":14,"38":14,"39":14,"45":7,"46":6,"47":5,"48":5,"49":4,"50":4,"51":4,"52":4,"56":1,"57":1,"58":1,"59":1,"60":1,"64":2,"68":2,"69":1,"70":1,"77":1,"81":2,"85":0},"path":"/home/jlandrews/School/UCBerkeley-EECS-Coursework/Dev Decal/Midterm/contracts/Crowdsale.sol","s":{"1":5,"2":9,"3":2,"4":14,"5":14,"6":14,"7":14,"8":14,"9":14,"10":14,"11":1,"12":7,"13":6,"14":5,"15":5,"16":4,"17":4,"18":1,"19":1,"20":1,"21":1,"22":2,"23":2,"24":1},"b":{"1":[4,1],"2":[8,1],"3":[1,1],"4":[6,1],"5":[5,1],"6":[4,1],"7":[1,1]},"f":{"1":5,"2":9,"3":2,"4":14,"5":1,"6":7,"7":1,"8":2,"9":2,"10":1,"11":2,"12":0},"fnMap":{"1":{"name":"onlyOwner","line":25,"loc":{"start":{"line":25,"column":2},"end":{"line":25,"column":22}}},"2":{"name":"windowOpen","line":26,"loc":{"start":{"line":26,"column":2},"end":{"line":26,"column":23}}},"3":{"name":"windowClosed","line":27,"loc":{"start":{"line":27,"column":2},"end":{"line":27,"column":25}}},"4":{"name":"Crowdsale","line":32,"loc":{"start":{"line":32,"column":2},"end":{"line":32,"column":101}}},"5":{"name":null,"line":42,"loc":{"start":{"line":42,"column":2},"end":{"line":42,"column":28}}},"6":{"name":"buy","line":44,"loc":{"start":{"line":44,"column":2},"end":{"line":44,"column":44}}},"7":{"name":"refund","line":55,"loc":{"start":{"line":55,"column":2},"end":{"line":55,"column":50}}},"8":{"name":"depositOf","line":63,"loc":{"start":{"line":63,"column":2},"end":{"line":63,"column":56}}},"9":{"name":"withdraw","line":67,"loc":{"start":{"line":67,"column":2},"end":{"line":67,"column":39}}},"10":{"name":"ownerWithdraw","line":73,"loc":{"start":{"line":73,"column":2},"end":{"line":76,"column":3}}},"11":{"name":"ownerMint","line":80,"loc":{"start":{"line":80,"column":2},"end":{"line":80,"column":70}}},"12":{"name":"ownerBurn","line":84,"loc":{"start":{"line":84,"column":2},"end":{"line":84,"column":67}}}},"statementMap":{"1":{"start":{"line":25,"column":24},"end":{"line":25,"column":51}},"2":{"start":{"line":26,"column":25},"end":{"line":26,"column":46}},"3":{"start":{"line":27,"column":27},"end":{"line":27,"column":48}},"4":{"start":{"line":33,"column":4},"end":{"line":33,"column":31}},"5":{"start":{"line":34,"column":4},"end":{"line":34,"column":31}},"6":{"start":{"line":35,"column":4},"end":{"line":35,"column":35}},"7":{"start":{"line":36,"column":4},"end":{"line":36,"column":36}},"8":{"start":{"line":37,"column":4},"end":{"line":37,"column":21}},"9":{"start":{"line":38,"column":4},"end":{"line":38,"column":18}},"10":{"start":{"line":39,"column":4},"end":{"line":39,"column":51}},"11":{"start":{"line":42,"column":30},"end":{"line":42,"column":37}},"12":{"start":{"line":45,"column":4},"end":{"line":45,"column":42}},"13":{"start":{"line":46,"column":4},"end":{"line":46,"column":29}},"14":{"start":{"line":47,"column":4},"end":{"line":47,"column":54}},"15":{"start":{"line":48,"column":4},"end":{"line":48,"column":46}},"16":{"start":{"line":50,"column":4},"end":{"line":50,"column":42}},"17":{"start":{"line":52,"column":4},"end":{"line":52,"column":33}},"18":{"start":{"line":57,"column":4},"end":{"line":57,"column":48}},"19":{"start":{"line":58,"column":4},"end":{"line":58,"column":65}},"20":{"start":{"line":59,"column":4},"end":{"line":59,"column":42}},"21":{"start":{"line":60,"column":4},"end":{"line":60,"column":37}},"22":{"start":{"line":64,"column":4},"end":{"line":64,"column":25}},"23":{"start":{"line":68,"column":4},"end":{"line":68,"column":42}},"24":{"start":{"line":69,"column":4},"end":{"line":69,"column":68}}},"branchMap":{"1":{"line":25,"type":"if","locations":[{"start":{"line":25,"column":24},"end":{"line":25,"column":24}},{"start":{"line":25,"column":24},"end":{"line":25,"column":24}}]},"2":{"line":26,"type":"if","locations":[{"start":{"line":26,"column":25},"end":{"line":26,"column":25}},{"start":{"line":26,"column":25},"end":{"line":26,"column":25}}]},"3":{"line":27,"type":"if","locations":[{"start":{"line":27,"column":27},"end":{"line":27,"column":27}},{"start":{"line":27,"column":27},"end":{"line":27,"column":27}}]},"4":{"line":45,"type":"if","locations":[{"start":{"line":45,"column":4},"end":{"line":45,"column":4}},{"start":{"line":45,"column":4},"end":{"line":45,"column":4}}]},"5":{"line":46,"type":"if","locations":[{"start":{"line":46,"column":4},"end":{"line":46,"column":4}},{"start":{"line":46,"column":4},"end":{"line":46,"column":4}}]},"6":{"line":48,"type":"if","locations":[{"start":{"line":48,"column":4},"end":{"line":48,"column":4}},{"start":{"line":48,"column":4},"end":{"line":48,"column":4}}]},"7":{"line":68,"type":"if","locations":[{"start":{"line":68,"column":4},"end":{"line":68,"column":4}},{"start":{"line":68,"column":4},"end":{"line":68,"column":4}}]}}},"contracts/interfaces/ERC20Interface.sol":{"l":{},"path":"/home/jlandrews/School/UCBerkeley-EECS-Coursework/Dev Decal/Midterm/contracts/interfaces/ERC20Interface.sol","s":{},"b":{},"f":{},"fnMap":{},"statementMap":{},"branchMap":{}},"contracts/Queue.sol":{"l":{"37":15,"38":15,"43":6,"48":0,"53":8,"58":0,"59":0,"68":0,"75":4,"76":4,"77":4,"78":4,"82":4,"83":4,"88":16,"89":16,"90":16},"path":"/home/jlandrews/School/UCBerkeley-EECS-Coursework/Dev Decal/Midterm/contracts/Queue.sol","s":{"1":15,"2":15,"3":6,"4":0,"5":8,"6":0,"7":0,"8":0,"9":0,"10":0,"11":0,"12":4,"13":4,"14":4,"15":4,"16":4,"17":4,"18":16,"19":16,"20":16},"b":{"1":[0,0],"2":[0,0],"3":[4,0],"4":[4,0],"5":[16,0]},"f":{"1":15,"2":6,"3":0,"4":8,"5":0,"6":0,"7":4,"8":4,"9":16},"fnMap":{"1":{"name":"Queue","line":36,"loc":{"start":{"line":36,"column":1},"end":{"line":36,"column":33}}},"2":{"name":"qsize","line":42,"loc":{"start":{"line":42,"column":1},"end":{"line":42,"column":49}}},"3":{"name":"empty","line":47,"loc":{"start":{"line":47,"column":1},"end":{"line":47,"column":48}}},"4":{"name":"getFirst","line":52,"loc":{"start":{"line":52,"column":1},"end":{"line":52,"column":54}}},"5":{"name":"checkPlace","line":57,"loc":{"start":{"line":57,"column":1},"end":{"line":57,"column":54}}},"6":{"name":"checkTime","line":67,"loc":{"start":{"line":67,"column":1},"end":{"line":67,"column":29}}},"7":{"name":"dequeue","line":74,"loc":{"start":{"line":74,"column":1},"end":{"line":74,"column":29}}},"8":{"name":"externDequeue","line":81,"loc":{"start":{"line":81,"column":1},"end":{"line":81,"column":33}}},"9":{"name":"enqueue","line":87,"loc":{"start":{"line":87,"column":1},"end":{"line":87,"column":39}}}},"statementMap":{"1":{"start":{"line":37,"column":2},"end":{"line":37,"column":23}},"2":{"start":{"line":38,"column":2},"end":{"line":38,"column":26}},"3":{"start":{"line":43,"column":2},"end":{"line":43,"column":20}},"4":{"start":{"line":48,"column":2},"end":{"line":48,"column":27}},"5":{"start":{"line":53,"column":2},"end":{"line":53,"column":29}},"6":{"start":{"line":58,"column":2},"end":{"line":58,"column":1340}},"7":{"start":{"line":59,"column":3},"end":{"line":59,"column":60}},"8":{"start":{"line":59,"column":52},"end":{"line":59,"column":60}},"9":{"start":{"line":61,"column":2},"end":{"line":61,"column":9}},"10":{"start":{"line":68,"column":2},"end":{"line":68,"column":46}},"11":{"start":{"line":68,"column":37},"end":{"line":68,"column":45}},"12":{"start":{"line":76,"column":2},"end":{"line":76,"column":29}},"13":{"start":{"line":77,"column":2},"end":{"line":77,"column":17}},"14":{"start":{"line":78,"column":2},"end":{"line":78,"column":64}},"15":{"start":{"line":78,"column":23},"end":{"line":78,"column":63}},"16":{"start":{"line":82,"column":2},"end":{"line":82,"column":36}},"17":{"start":{"line":83,"column":2},"end":{"line":83,"column":10}},"18":{"start":{"line":88,"column":2},"end":{"line":88,"column":28}},"19":{"start":{"line":89,"column":2},"end":{"line":89,"column":56}},"20":{"start":{"line":90,"column":2},"end":{"line":90,"column":17}}},"branchMap":{"1":{"line":59,"type":"if","locations":[{"start":{"line":59,"column":3},"end":{"line":59,"column":3}},{"start":{"line":59,"column":3},"end":{"line":59,"column":3}}]},"2":{"line":68,"type":"if","locations":[{"start":{"line":68,"column":2},"end":{"line":68,"column":2}},{"start":{"line":68,"column":2},"end":{"line":68,"column":2}}]},"3":{"line":78,"type":"if","locations":[{"start":{"line":78,"column":2},"end":{"line":78,"column":2}},{"start":{"line":78,"column":2},"end":{"line":78,"column":2}}]},"4":{"line":82,"type":"if","locations":[{"start":{"line":82,"column":2},"end":{"line":82,"column":2}},{"start":{"line":82,"column":2},"end":{"line":82,"column":2}}]},"5":{"line":88,"type":"if","locations":[{"start":{"line":88,"column":2},"end":{"line":88,"column":2}},{"start":{"line":88,"column":2},"end":{"line":88,"column":2}}]}}},"contracts/Token.sol":{"l":{"23":4,"27":0,"31":4,"32":4,"33":4,"34":4,"35":4,"39":0,"40":0,"41":0,"45":0,"46":0,"47":0,"48":0,"49":0,"50":0,"51":0,"57":16,"58":16,"59":16,"62":1,"63":1,"64":1,"67":2,"68":2,"71":0,"72":0,"73":0,"74":0},"path":"/home/jlandrews/School/UCBerkeley-EECS-Coursework/Dev Decal/Midterm/contracts/Token.sol","s":{"1":3,"2":4,"3":0,"4":4,"5":4,"6":4,"7":4,"8":4,"9":0,"10":0,"11":0,"12":0,"13":0,"14":0,"15":0,"16":0,"17":0,"18":0,"19":16,"20":16,"21":16,"22":1,"23":1,"24":1,"25":2,"26":2,"27":0,"28":0,"29":0,"30":0},"b":{"1":[3,0],"2":[4,0],"3":[0,0],"4":[0,0],"5":[1,0],"6":[0,0]},"f":{"1":3,"2":4,"3":0,"4":4,"5":0,"6":0,"7":16,"8":1,"9":2,"10":0},"fnMap":{"1":{"name":"onlyOwner","line":20,"loc":{"start":{"line":20,"column":1},"end":{"line":20,"column":22}}},"2":{"name":"balanceOf","line":22,"loc":{"start":{"line":22,"column":2},"end":{"line":22,"column":65}}},"3":{"name":"allowance","line":26,"loc":{"start":{"line":26,"column":1},"end":{"line":26,"column":85}}},"4":{"name":"transfer","line":30,"loc":{"start":{"line":30,"column":2},"end":{"line":30,"column":72}}},"5":{"name":"approve","line":38,"loc":{"start":{"line":38,"column":1},"end":{"line":38,"column":71}}},"6":{"name":"transferFrom","line":44,"loc":{"start":{"line":44,"column":1},"end":{"line":44,"column":92}}},"7":{"name":"Token","line":56,"loc":{"start":{"line":56,"column":2},"end":{"line":56,"column":35}}},"8":{"name":"refund","line":61,"loc":{"start":{"line":61,"column":1},"end":{"line":61,"column":65}}},"9":{"name":"mint","line":66,"loc":{"start":{"line":66,"column":2},"end":{"line":66,"column":65}}},"10":{"name":"burn","line":70,"loc":{"start":{"line":70,"column":2},"end":{"line":70,"column":35}}}},"statementMap":{"1":{"start":{"line":20,"column":23},"end":{"line":20,"column":50}},"2":{"start":{"line":23,"column":4},"end":{"line":23,"column":25}},"3":{"start":{"line":27,"column":2},"end":{"line":27,"column":37}},"4":{"start":{"line":31,"column":4},"end":{"line":31,"column":42}},"5":{"start":{"line":32,"column":4},"end":{"line":32,"column":33}},"6":{"start":{"line":33,"column":4},"end":{"line":33,"column":64}},"7":{"start":{"line":34,"column":4},"end":{"line":34,"column":41}},"8":{"start":{"line":35,"column":2},"end":{"line":35,"column":13}},"9":{"start":{"line":39,"column":2},"end":{"line":39,"column":43}},"10":{"start":{"line":40,"column":2},"end":{"line":40,"column":39}},"11":{"start":{"line":41,"column":2},"end":{"line":41,"column":13}},"12":{"start":{"line":45,"column":2},"end":{"line":45,"column":36}},"13":{"start":{"line":46,"column":2},"end":{"line":46,"column":48}},"14":{"start":{"line":47,"column":2},"end":{"line":47,"column":27}},"15":{"start":{"line":48,"column":2},"end":{"line":48,"column":29}},"16":{"start":{"line":49,"column":2},"end":{"line":49,"column":39}},"17":{"start":{"line":50,"column":2},"end":{"line":50,"column":35}},"18":{"start":{"line":51,"column":2},"end":{"line":51,"column":13}},"19":{"start":{"line":57,"column":4},"end":{"line":57,"column":29}},"20":{"start":{"line":58,"column":4},"end":{"line":58,"column":38}},"21":{"start":{"line":59,"column":2},"end":{"line":59,"column":19}},"22":{"start":{"line":62,"column":2},"end":{"line":62,"column":36}},"23":{"start":{"line":63,"column":2},"end":{"line":63,"column":27}},"24":{"start":{"line":64,"column":2},"end":{"line":64,"column":26}},"25":{"start":{"line":67,"column":4},"end":{"line":67,"column":50}},"26":{"start":{"line":68,"column":4},"end":{"line":68,"column":64}},"27":{"start":{"line":71,"column":4},"end":{"line":71,"column":42}},"28":{"start":{"line":72,"column":4},"end":{"line":72,"column":50}},"29":{"start":{"line":73,"column":4},"end":{"line":73,"column":68}},"30":{"start":{"line":74,"column":4},"end":{"line":74,"column":35}}},"branchMap":{"1":{"line":20,"type":"if","locations":[{"start":{"line":20,"column":23},"end":{"line":20,"column":23}},{"start":{"line":20,"column":23},"end":{"line":20,"column":23}}]},"2":{"line":31,"type":"if","locations":[{"start":{"line":31,"column":4},"end":{"line":31,"column":4}},{"start":{"line":31,"column":4},"end":{"line":31,"column":4}}]},"3":{"line":45,"type":"if","locations":[{"start":{"line":45,"column":2},"end":{"line":45,"column":2}},{"start":{"line":45,"column":2},"end":{"line":45,"column":2}}]},"4":{"line":46,"type":"if","locations":[{"start":{"line":46,"column":2},"end":{"line":46,"column":2}},{"start":{"line":46,"column":2},"end":{"line":46,"column":2}}]},"5":{"line":62,"type":"if","locations":[{"start":{"line":62,"column":2},"end":{"line":62,"column":2}},{"start":{"line":62,"column":2},"end":{"line":62,"column":2}}]},"6":{"line":71,"type":"if","locations":[{"start":{"line":71,"column":4},"end":{"line":71,"column":4}},{"start":{"line":71,"column":4},"end":{"line":71,"column":4}}]}}},"contracts/utils/Math.sol":{"l":{"11":0,"15":0,"19":0,"23":0},"path":"/home/jlandrews/School/UCBerkeley-EECS-Coursework/Dev Decal/Midterm/contracts/utils/Math.sol","s":{"1":0,"2":0,"3":0,"4":0},"b":{},"f":{"1":0,"2":0,"3":0,"4":0},"fnMap":{"1":{"name":"max64","line":10,"loc":{"start":{"line":10,"column":2},"end":{"line":10,"column":71}}},"2":{"name":"min64","line":14,"loc":{"start":{"line":14,"column":2},"end":{"line":14,"column":71}}},"3":{"name":"max256","line":18,"loc":{"start":{"line":18,"column":2},"end":{"line":18,"column":75}}},"4":{"name":"min256","line":22,"loc":{"start":{"line":22,"column":2},"end":{"line":22,"column":75}}}},"statementMap":{"1":{"start":{"line":11,"column":4},"end":{"line":11,"column":25}},"2":{"start":{"line":15,"column":4},"end":{"line":15,"column":24}},"3":{"start":{"line":19,"column":4},"end":{"line":19,"column":25}},"4":{"start":{"line":23,"column":4},"end":{"line":23,"column":24}}},"branchMap":{}},"contracts/utils/SafeMath.sol":{"l":{"11":5,"12":5,"13":5,"18":2,"20":2,"24":2,"25":2,"29":27,"30":27,"31":27},"path":"/home/jlandrews/School/UCBerkeley-EECS-Coursework/Dev Decal/Midterm/contracts/utils/SafeMath.sol","s":{"1":5,"2":5,"3":5,"4":2,"5":2,"6":2,"7":2,"8":27,"9":27,"10":27},"b":{"1":[5,0],"2":[2,0],"3":[27,0]},"f":{"1":5,"2":2,"3":2,"4":27},"fnMap":{"1":{"name":"mul","line":10,"loc":{"start":{"line":10,"column":2},"end":{"line":10,"column":72}}},"2":{"name":"div","line":16,"loc":{"start":{"line":16,"column":2},"end":{"line":16,"column":72}}},"3":{"name":"sub","line":23,"loc":{"start":{"line":23,"column":2},"end":{"line":23,"column":72}}},"4":{"name":"add","line":28,"loc":{"start":{"line":28,"column":2},"end":{"line":28,"column":72}}}},"statementMap":{"1":{"start":{"line":11,"column":4},"end":{"line":11,"column":20}},"2":{"start":{"line":12,"column":4},"end":{"line":12,"column":31}},"3":{"start":{"line":13,"column":4},"end":{"line":13,"column":12}},"4":{"start":{"line":18,"column":4},"end":{"line":18,"column":20}},"5":{"start":{"line":20,"column":4},"end":{"line":20,"column":12}},"6":{"start":{"line":24,"column":4},"end":{"line":24,"column":17}},"7":{"start":{"line":25,"column":4},"end":{"line":25,"column":16}},"8":{"start":{"line":29,"column":4},"end":{"line":29,"column":20}},"9":{"start":{"line":30,"column":4},"end":{"line":30,"column":17}},"10":{"start":{"line":31,"column":4},"end":{"line":31,"column":12}}},"branchMap":{"1":{"line":12,"type":"if","locations":[{"start":{"line":12,"column":4},"end":{"line":12,"column":4}},{"start":{"line":12,"column":4},"end":{"line":12,"column":4}}]},"2":{"line":24,"type":"if","locations":[{"start":{"line":24,"column":4},"end":{"line":24,"column":4}},{"start":{"line":24,"column":4},"end":{"line":24,"column":4}}]},"3":{"line":30,"type":"if","locations":[{"start":{"line":30,"column":4},"end":{"line":30,"column":4}},{"start":{"line":30,"column":4},"end":{"line":30,"column":4}}]}}}}