{"contracts/Crowdsale.sol":{"l":{"33":18,"34":18,"35":18,"36":18,"37":18,"38":18,"39":18,"45":12,"46":11,"47":10,"48":10,"49":9,"50":9,"51":9,"52":9,"56":1,"57":1,"58":1,"59":1,"60":1,"64":2,"68":2,"69":1,"70":1,"77":1,"81":2,"85":1},"path":"/home/jlandrews/School/UCBerkeley-EECS-Coursework/Dev Decal/Midterm/contracts/Crowdsale.sol","s":{"1":8,"2":14,"3":4,"4":18,"5":18,"6":18,"7":18,"8":18,"9":18,"10":18,"11":1,"12":12,"13":11,"14":10,"15":10,"16":9,"17":9,"18":1,"19":1,"20":1,"21":1,"22":2,"23":2,"24":1},"b":{"1":[6,2],"2":[13,1],"3":[2,2],"4":[11,1],"5":[10,1],"6":[9,1],"7":[1,1]},"f":{"1":8,"2":14,"3":4,"4":18,"5":1,"6":12,"7":1,"8":2,"9":2,"10":1,"11":2,"12":1},"fnMap":{"1":{"name":"onlyOwner","line":25,"loc":{"start":{"line":25,"column":2},"end":{"line":25,"column":22}}},"2":{"name":"windowOpen","line":26,"loc":{"start":{"line":26,"column":2},"end":{"line":26,"column":23}}},"3":{"name":"windowClosed","line":27,"loc":{"start":{"line":27,"column":2},"end":{"line":27,"column":25}}},"4":{"name":"Crowdsale","line":32,"loc":{"start":{"line":32,"column":2},"end":{"line":32,"column":101}}},"5":{"name":null,"line":42,"loc":{"start":{"line":42,"column":2},"end":{"line":42,"column":28}}},"6":{"name":"buy","line":44,"loc":{"start":{"line":44,"column":2},"end":{"line":44,"column":44}}},"7":{"name":"refund","line":55,"loc":{"start":{"line":55,"column":2},"end":{"line":55,"column":50}}},"8":{"name":"depositOf","line":63,"loc":{"start":{"line":63,"column":2},"end":{"line":63,"column":56}}},"9":{"name":"withdraw","line":67,"loc":{"start":{"line":67,"column":2},"end":{"line":67,"column":39}}},"10":{"name":"ownerWithdraw","line":73,"loc":{"start":{"line":73,"column":2},"end":{"line":76,"column":3}}},"11":{"name":"ownerMint","line":80,"loc":{"start":{"line":80,"column":2},"end":{"line":80,"column":70}}},"12":{"name":"ownerBurnUnsold","line":84,"loc":{"start":{"line":84,"column":2},"end":{"line":84,"column":62}}}},"statementMap":{"1":{"start":{"line":25,"column":24},"end":{"line":25,"column":51}},"2":{"start":{"line":26,"column":25},"end":{"line":26,"column":46}},"3":{"start":{"line":27,"column":27},"end":{"line":27,"column":48}},"4":{"start":{"line":33,"column":4},"end":{"line":33,"column":31}},"5":{"start":{"line":34,"column":4},"end":{"line":34,"column":31}},"6":{"start":{"line":35,"column":4},"end":{"line":35,"column":35}},"7":{"start":{"line":36,"column":4},"end":{"line":36,"column":36}},"8":{"start":{"line":37,"column":4},"end":{"line":37,"column":21}},"9":{"start":{"line":38,"column":4},"end":{"line":38,"column":18}},"10":{"start":{"line":39,"column":4},"end":{"line":39,"column":51}},"11":{"start":{"line":42,"column":30},"end":{"line":42,"column":37}},"12":{"start":{"line":45,"column":4},"end":{"line":45,"column":42}},"13":{"start":{"line":46,"column":4},"end":{"line":46,"column":29}},"14":{"start":{"line":47,"column":4},"end":{"line":47,"column":54}},"15":{"start":{"line":48,"column":4},"end":{"line":48,"column":46}},"16":{"start":{"line":50,"column":4},"end":{"line":50,"column":42}},"17":{"start":{"line":52,"column":4},"end":{"line":52,"column":33}},"18":{"start":{"line":57,"column":4},"end":{"line":57,"column":48}},"19":{"start":{"line":58,"column":4},"end":{"line":58,"column":65}},"20":{"start":{"line":59,"column":4},"end":{"line":59,"column":42}},"21":{"start":{"line":60,"column":4},"end":{"line":60,"column":37}},"22":{"start":{"line":64,"column":4},"end":{"line":64,"column":25}},"23":{"start":{"line":68,"column":4},"end":{"line":68,"column":42}},"24":{"start":{"line":69,"column":4},"end":{"line":69,"column":68}}},"branchMap":{"1":{"line":25,"type":"if","locations":[{"start":{"line":25,"column":24},"end":{"line":25,"column":24}},{"start":{"line":25,"column":24},"end":{"line":25,"column":24}}]},"2":{"line":26,"type":"if","locations":[{"start":{"line":26,"column":25},"end":{"line":26,"column":25}},{"start":{"line":26,"column":25},"end":{"line":26,"column":25}}]},"3":{"line":27,"type":"if","locations":[{"start":{"line":27,"column":27},"end":{"line":27,"column":27}},{"start":{"line":27,"column":27},"end":{"line":27,"column":27}}]},"4":{"line":45,"type":"if","locations":[{"start":{"line":45,"column":4},"end":{"line":45,"column":4}},{"start":{"line":45,"column":4},"end":{"line":45,"column":4}}]},"5":{"line":46,"type":"if","locations":[{"start":{"line":46,"column":4},"end":{"line":46,"column":4}},{"start":{"line":46,"column":4},"end":{"line":46,"column":4}}]},"6":{"line":48,"type":"if","locations":[{"start":{"line":48,"column":4},"end":{"line":48,"column":4}},{"start":{"line":48,"column":4},"end":{"line":48,"column":4}}]},"7":{"line":68,"type":"if","locations":[{"start":{"line":68,"column":4},"end":{"line":68,"column":4}},{"start":{"line":68,"column":4},"end":{"line":68,"column":4}}]}}},"contracts/interfaces/ERC20Interface.sol":{"l":{},"path":"/home/jlandrews/School/UCBerkeley-EECS-Coursework/Dev Decal/Midterm/contracts/interfaces/ERC20Interface.sol","s":{},"b":{},"f":{},"fnMap":{},"statementMap":{},"branchMap":{}},"contracts/Queue.sol":{"l":{"39":31,"40":31,"45":21,"50":6,"55":21,"56":19,"61":3,"62":8,"71":1,"72":1,"79":25,"80":25,"81":25,"82":25,"86":24,"87":24,"92":56,"93":54,"94":23,"96":31,"97":54,"101":12},"path":"/home/jlandrews/School/UCBerkeley-EECS-Coursework/Dev Decal/Midterm/contracts/Queue.sol","s":{"1":31,"2":31,"3":21,"4":6,"5":21,"6":19,"7":3,"8":8,"9":2,"10":1,"11":1,"12":1,"13":1,"14":25,"15":25,"16":25,"17":23,"18":24,"19":24,"20":56,"21":54,"22":23,"23":31,"24":54,"25":12},"b":{"1":[19,2],"2":[2,6],"3":[1,0],"4":[23,2],"5":[24,0],"6":[54,2],"7":[23,31]},"f":{"1":31,"2":21,"3":6,"4":21,"5":3,"6":1,"7":25,"8":24,"9":56,"10":12},"fnMap":{"1":{"name":"Queue","line":38,"loc":{"start":{"line":38,"column":1},"end":{"line":38,"column":33}}},"2":{"name":"qsize","line":44,"loc":{"start":{"line":44,"column":1},"end":{"line":44,"column":49}}},"3":{"name":"empty","line":49,"loc":{"start":{"line":49,"column":1},"end":{"line":49,"column":48}}},"4":{"name":"getFirst","line":54,"loc":{"start":{"line":54,"column":1},"end":{"line":54,"column":54}}},"5":{"name":"checkPlace","line":60,"loc":{"start":{"line":60,"column":1},"end":{"line":60,"column":54}}},"6":{"name":"checkTime","line":70,"loc":{"start":{"line":70,"column":1},"end":{"line":70,"column":29}}},"7":{"name":"dequeue","line":78,"loc":{"start":{"line":78,"column":1},"end":{"line":78,"column":29}}},"8":{"name":"externDequeue","line":85,"loc":{"start":{"line":85,"column":1},"end":{"line":85,"column":33}}},"9":{"name":"enqueue","line":91,"loc":{"start":{"line":91,"column":1},"end":{"line":91,"column":39}}},"10":{"name":"getMaxSize","line":100,"loc":{"start":{"line":100,"column":1},"end":{"line":100,"column":45}}}},"statementMap":{"1":{"start":{"line":39,"column":2},"end":{"line":39,"column":23}},"2":{"start":{"line":40,"column":2},"end":{"line":40,"column":26}},"3":{"start":{"line":45,"column":2},"end":{"line":45,"column":20}},"4":{"start":{"line":50,"column":2},"end":{"line":50,"column":27}},"5":{"start":{"line":55,"column":2},"end":{"line":55,"column":25}},"6":{"start":{"line":56,"column":2},"end":{"line":56,"column":29}},"7":{"start":{"line":61,"column":2},"end":{"line":61,"column":1399}},"8":{"start":{"line":62,"column":3},"end":{"line":62,"column":60}},"9":{"start":{"line":62,"column":52},"end":{"line":62,"column":60}},"10":{"start":{"line":64,"column":2},"end":{"line":64,"column":9}},"11":{"start":{"line":71,"column":2},"end":{"line":71,"column":36}},"12":{"start":{"line":72,"column":2},"end":{"line":72,"column":46}},"13":{"start":{"line":72,"column":37},"end":{"line":72,"column":45}},"14":{"start":{"line":80,"column":2},"end":{"line":80,"column":29}},"15":{"start":{"line":81,"column":2},"end":{"line":81,"column":17}},"16":{"start":{"line":82,"column":2},"end":{"line":82,"column":64}},"17":{"start":{"line":82,"column":23},"end":{"line":82,"column":63}},"18":{"start":{"line":86,"column":2},"end":{"line":86,"column":36}},"19":{"start":{"line":87,"column":2},"end":{"line":87,"column":10}},"20":{"start":{"line":92,"column":2},"end":{"line":92,"column":28}},"21":{"start":{"line":93,"column":2},"end":{"line":93,"column":2340}},"22":{"start":{"line":94,"column":3},"end":{"line":94,"column":69}},"23":{"start":{"line":96,"column":3},"end":{"line":96,"column":57}},"24":{"start":{"line":97,"column":2},"end":{"line":97,"column":17}},"25":{"start":{"line":101,"column":2},"end":{"line":101,"column":13}}},"branchMap":{"1":{"line":55,"type":"if","locations":[{"start":{"line":55,"column":2},"end":{"line":55,"column":2}},{"start":{"line":55,"column":2},"end":{"line":55,"column":2}}]},"2":{"line":62,"type":"if","locations":[{"start":{"line":62,"column":3},"end":{"line":62,"column":3}},{"start":{"line":62,"column":3},"end":{"line":62,"column":3}}]},"3":{"line":72,"type":"if","locations":[{"start":{"line":72,"column":2},"end":{"line":72,"column":2}},{"start":{"line":72,"column":2},"end":{"line":72,"column":2}}]},"4":{"line":82,"type":"if","locations":[{"start":{"line":82,"column":2},"end":{"line":82,"column":2}},{"start":{"line":82,"column":2},"end":{"line":82,"column":2}}]},"5":{"line":86,"type":"if","locations":[{"start":{"line":86,"column":2},"end":{"line":86,"column":2}},{"start":{"line":86,"column":2},"end":{"line":86,"column":2}}]},"6":{"line":92,"type":"if","locations":[{"start":{"line":92,"column":2},"end":{"line":92,"column":2}},{"start":{"line":92,"column":2},"end":{"line":92,"column":2}}]},"7":{"line":93,"type":"if","locations":[{"start":{"line":93,"column":2},"end":{"line":93,"column":2}},{"start":{"line":93,"column":2},"end":{"line":93,"column":2}}]}}},"contracts/Token.sol":{"l":{"23":12,"27":1,"31":10,"32":10,"33":10,"34":10,"35":10,"39":3,"40":3,"41":3,"45":3,"46":3,"47":1,"48":1,"49":1,"50":1,"51":1,"57":30,"58":30,"59":30,"62":1,"63":1,"64":1,"67":4,"68":4,"71":3,"72":2,"73":2,"74":2},"path":"/home/jlandrews/School/UCBerkeley-EECS-Coursework/Dev Decal/Midterm/contracts/Token.sol","s":{"1":5,"2":12,"3":1,"4":10,"5":10,"6":10,"7":10,"8":10,"9":3,"10":3,"11":3,"12":3,"13":3,"14":1,"15":1,"16":1,"17":1,"18":1,"19":30,"20":30,"21":30,"22":1,"23":1,"24":1,"25":4,"26":4,"27":3,"28":2,"29":2,"30":2},"b":{"1":[5,0],"2":[10,0],"3":[3,0],"4":[1,2],"5":[1,0],"6":[2,1]},"f":{"1":5,"2":12,"3":1,"4":10,"5":3,"6":3,"7":30,"8":1,"9":4,"10":3},"fnMap":{"1":{"name":"onlyOwner","line":20,"loc":{"start":{"line":20,"column":1},"end":{"line":20,"column":22}}},"2":{"name":"balanceOf","line":22,"loc":{"start":{"line":22,"column":2},"end":{"line":22,"column":65}}},"3":{"name":"allowance","line":26,"loc":{"start":{"line":26,"column":1},"end":{"line":26,"column":85}}},"4":{"name":"transfer","line":30,"loc":{"start":{"line":30,"column":2},"end":{"line":30,"column":72}}},"5":{"name":"approve","line":38,"loc":{"start":{"line":38,"column":1},"end":{"line":38,"column":71}}},"6":{"name":"transferFrom","line":44,"loc":{"start":{"line":44,"column":1},"end":{"line":44,"column":92}}},"7":{"name":"Token","line":56,"loc":{"start":{"line":56,"column":2},"end":{"line":56,"column":35}}},"8":{"name":"refund","line":61,"loc":{"start":{"line":61,"column":1},"end":{"line":61,"column":65}}},"9":{"name":"mint","line":66,"loc":{"start":{"line":66,"column":2},"end":{"line":66,"column":65}}},"10":{"name":"burn","line":70,"loc":{"start":{"line":70,"column":2},"end":{"line":70,"column":35}}}},"statementMap":{"1":{"start":{"line":20,"column":23},"end":{"line":20,"column":50}},"2":{"start":{"line":23,"column":4},"end":{"line":23,"column":25}},"3":{"start":{"line":27,"column":2},"end":{"line":27,"column":37}},"4":{"start":{"line":31,"column":4},"end":{"line":31,"column":42}},"5":{"start":{"line":32,"column":4},"end":{"line":32,"column":33}},"6":{"start":{"line":33,"column":4},"end":{"line":33,"column":64}},"7":{"start":{"line":34,"column":4},"end":{"line":34,"column":41}},"8":{"start":{"line":35,"column":2},"end":{"line":35,"column":13}},"9":{"start":{"line":39,"column":2},"end":{"line":39,"column":43}},"10":{"start":{"line":40,"column":2},"end":{"line":40,"column":39}},"11":{"start":{"line":41,"column":2},"end":{"line":41,"column":13}},"12":{"start":{"line":45,"column":2},"end":{"line":45,"column":36}},"13":{"start":{"line":46,"column":2},"end":{"line":46,"column":48}},"14":{"start":{"line":47,"column":2},"end":{"line":47,"column":27}},"15":{"start":{"line":48,"column":2},"end":{"line":48,"column":29}},"16":{"start":{"line":49,"column":2},"end":{"line":49,"column":39}},"17":{"start":{"line":50,"column":2},"end":{"line":50,"column":35}},"18":{"start":{"line":51,"column":2},"end":{"line":51,"column":13}},"19":{"start":{"line":57,"column":4},"end":{"line":57,"column":29}},"20":{"start":{"line":58,"column":4},"end":{"line":58,"column":38}},"21":{"start":{"line":59,"column":2},"end":{"line":59,"column":19}},"22":{"start":{"line":62,"column":2},"end":{"line":62,"column":36}},"23":{"start":{"line":63,"column":2},"end":{"line":63,"column":27}},"24":{"start":{"line":64,"column":2},"end":{"line":64,"column":26}},"25":{"start":{"line":67,"column":4},"end":{"line":67,"column":50}},"26":{"start":{"line":68,"column":4},"end":{"line":68,"column":64}},"27":{"start":{"line":71,"column":4},"end":{"line":71,"column":42}},"28":{"start":{"line":72,"column":4},"end":{"line":72,"column":50}},"29":{"start":{"line":73,"column":4},"end":{"line":73,"column":68}},"30":{"start":{"line":74,"column":4},"end":{"line":74,"column":35}}},"branchMap":{"1":{"line":20,"type":"if","locations":[{"start":{"line":20,"column":23},"end":{"line":20,"column":23}},{"start":{"line":20,"column":23},"end":{"line":20,"column":23}}]},"2":{"line":31,"type":"if","locations":[{"start":{"line":31,"column":4},"end":{"line":31,"column":4}},{"start":{"line":31,"column":4},"end":{"line":31,"column":4}}]},"3":{"line":45,"type":"if","locations":[{"start":{"line":45,"column":2},"end":{"line":45,"column":2}},{"start":{"line":45,"column":2},"end":{"line":45,"column":2}}]},"4":{"line":46,"type":"if","locations":[{"start":{"line":46,"column":2},"end":{"line":46,"column":2}},{"start":{"line":46,"column":2},"end":{"line":46,"column":2}}]},"5":{"line":62,"type":"if","locations":[{"start":{"line":62,"column":2},"end":{"line":62,"column":2}},{"start":{"line":62,"column":2},"end":{"line":62,"column":2}}]},"6":{"line":71,"type":"if","locations":[{"start":{"line":71,"column":4},"end":{"line":71,"column":4}},{"start":{"line":71,"column":4},"end":{"line":71,"column":4}}]}}},"contracts/utils/Math.sol":{"l":{"11":0,"15":0,"19":0,"23":0},"path":"/home/jlandrews/School/UCBerkeley-EECS-Coursework/Dev Decal/Midterm/contracts/utils/Math.sol","s":{"1":0,"2":0,"3":0,"4":0},"b":{},"f":{"1":0,"2":0,"3":0,"4":0},"fnMap":{"1":{"name":"max64","line":10,"loc":{"start":{"line":10,"column":2},"end":{"line":10,"column":71}}},"2":{"name":"min64","line":14,"loc":{"start":{"line":14,"column":2},"end":{"line":14,"column":71}}},"3":{"name":"max256","line":18,"loc":{"start":{"line":18,"column":2},"end":{"line":18,"column":75}}},"4":{"name":"min256","line":22,"loc":{"start":{"line":22,"column":2},"end":{"line":22,"column":75}}}},"statementMap":{"1":{"start":{"line":11,"column":4},"end":{"line":11,"column":25}},"2":{"start":{"line":15,"column":4},"end":{"line":15,"column":24}},"3":{"start":{"line":19,"column":4},"end":{"line":19,"column":25}},"4":{"start":{"line":23,"column":4},"end":{"line":23,"column":24}}},"branchMap":{}},"contracts/utils/SafeMath.sol":{"l":{"11":10,"12":10,"13":10,"18":2,"20":2,"24":6,"25":6,"29":46,"30":46,"31":46},"path":"/home/jlandrews/School/UCBerkeley-EECS-Coursework/Dev Decal/Midterm/contracts/utils/SafeMath.sol","s":{"1":10,"2":10,"3":10,"4":2,"5":2,"6":6,"7":6,"8":46,"9":46,"10":46},"b":{"1":[10,0],"2":[6,0],"3":[46,0]},"f":{"1":10,"2":2,"3":6,"4":46},"fnMap":{"1":{"name":"mul","line":10,"loc":{"start":{"line":10,"column":2},"end":{"line":10,"column":72}}},"2":{"name":"div","line":16,"loc":{"start":{"line":16,"column":2},"end":{"line":16,"column":72}}},"3":{"name":"sub","line":23,"loc":{"start":{"line":23,"column":2},"end":{"line":23,"column":72}}},"4":{"name":"add","line":28,"loc":{"start":{"line":28,"column":2},"end":{"line":28,"column":72}}}},"statementMap":{"1":{"start":{"line":11,"column":4},"end":{"line":11,"column":20}},"2":{"start":{"line":12,"column":4},"end":{"line":12,"column":31}},"3":{"start":{"line":13,"column":4},"end":{"line":13,"column":12}},"4":{"start":{"line":18,"column":4},"end":{"line":18,"column":20}},"5":{"start":{"line":20,"column":4},"end":{"line":20,"column":12}},"6":{"start":{"line":24,"column":4},"end":{"line":24,"column":17}},"7":{"start":{"line":25,"column":4},"end":{"line":25,"column":16}},"8":{"start":{"line":29,"column":4},"end":{"line":29,"column":20}},"9":{"start":{"line":30,"column":4},"end":{"line":30,"column":17}},"10":{"start":{"line":31,"column":4},"end":{"line":31,"column":12}}},"branchMap":{"1":{"line":12,"type":"if","locations":[{"start":{"line":12,"column":4},"end":{"line":12,"column":4}},{"start":{"line":12,"column":4},"end":{"line":12,"column":4}}]},"2":{"line":24,"type":"if","locations":[{"start":{"line":24,"column":4},"end":{"line":24,"column":4}},{"start":{"line":24,"column":4},"end":{"line":24,"column":4}}]},"3":{"line":30,"type":"if","locations":[{"start":{"line":30,"column":4},"end":{"line":30,"column":4}},{"start":{"line":30,"column":4},"end":{"line":30,"column":4}}]}}}}