TN:
SF:/home/jlandrews/School/UCBerkeley-EECS-Coursework/Dev Decal/Midterm/contracts/Crowdsale.sol
FN:25,onlyOwner
FN:26,windowOpen
FN:27,windowClosed
FN:32,Crowdsale
FN:42,
FN:44,buy
FN:55,refund
FN:63,depositOf
FN:67,withdraw
FN:73,ownerWithdraw
FN:80,ownerMint
FN:84,ownerBurnUnsold
FNF:12
FNH:12
FNDA:8,onlyOwner
FNDA:14,windowOpen
FNDA:4,windowClosed
FNDA:18,Crowdsale
FNDA:1,
FNDA:12,buy
FNDA:1,refund
FNDA:2,depositOf
FNDA:2,withdraw
FNDA:1,ownerWithdraw
FNDA:2,ownerMint
FNDA:1,ownerBurnUnsold
DA:33,18
DA:34,18
DA:35,18
DA:36,18
DA:37,18
DA:38,18
DA:39,18
DA:45,12
DA:46,11
DA:47,10
DA:48,10
DA:49,9
DA:50,9
DA:51,9
DA:52,9
DA:56,1
DA:57,1
DA:58,1
DA:59,1
DA:60,1
DA:64,2
DA:68,2
DA:69,1
DA:70,1
DA:77,1
DA:81,2
DA:85,1
LF:27
LH:27
BRDA:25,1,0,6
BRDA:25,1,1,2
BRDA:26,2,0,13
BRDA:26,2,1,1
BRDA:27,3,0,2
BRDA:27,3,1,2
BRDA:45,4,0,11
BRDA:45,4,1,1
BRDA:46,5,0,10
BRDA:46,5,1,1
BRDA:48,6,0,9
BRDA:48,6,1,1
BRDA:68,7,0,1
BRDA:68,7,1,1
BRF:14
BRH:14
end_of_record
TN:
SF:/home/jlandrews/School/UCBerkeley-EECS-Coursework/Dev Decal/Midterm/contracts/interfaces/ERC20Interface.sol
FNF:0
FNH:0
LF:0
LH:0
BRF:0
BRH:0
end_of_record
TN:
SF:/home/jlandrews/School/UCBerkeley-EECS-Coursework/Dev Decal/Midterm/contracts/Queue.sol
FN:38,Queue
FN:44,qsize
FN:49,empty
FN:54,getFirst
FN:60,checkPlace
FN:70,checkTime
FN:78,dequeue
FN:85,externDequeue
FN:91,enqueue
FN:100,getMaxSize
FNF:10
FNH:10
FNDA:31,Queue
FNDA:21,qsize
FNDA:6,empty
FNDA:21,getFirst
FNDA:3,checkPlace
FNDA:1,checkTime
FNDA:25,dequeue
FNDA:24,externDequeue
FNDA:56,enqueue
FNDA:12,getMaxSize
DA:39,31
DA:40,31
DA:45,21
DA:50,6
DA:55,21
DA:56,19
DA:61,3
DA:62,8
DA:71,1
DA:72,1
DA:79,25
DA:80,25
DA:81,25
DA:82,25
DA:86,24
DA:87,24
DA:92,56
DA:93,54
DA:94,23
DA:96,31
DA:97,54
DA:101,12
LF:22
LH:22
BRDA:55,1,0,19
BRDA:55,1,1,2
BRDA:62,2,0,2
BRDA:62,2,1,6
BRDA:72,3,0,1
BRDA:72,3,1,0
BRDA:82,4,0,23
BRDA:82,4,1,2
BRDA:86,5,0,24
BRDA:86,5,1,0
BRDA:92,6,0,54
BRDA:92,6,1,2
BRDA:93,7,0,23
BRDA:93,7,1,31
BRF:14
BRH:12
end_of_record
TN:
SF:/home/jlandrews/School/UCBerkeley-EECS-Coursework/Dev Decal/Midterm/contracts/Token.sol
FN:20,onlyOwner
FN:22,balanceOf
FN:26,allowance
FN:30,transfer
FN:38,approve
FN:44,transferFrom
FN:56,Token
FN:61,refund
FN:66,mint
FN:70,burn
FNF:10
FNH:10
FNDA:5,onlyOwner
FNDA:12,balanceOf
FNDA:1,allowance
FNDA:10,transfer
FNDA:3,approve
FNDA:3,transferFrom
FNDA:30,Token
FNDA:1,refund
FNDA:4,mint
FNDA:3,burn
DA:23,12
DA:27,1
DA:31,10
DA:32,10
DA:33,10
DA:34,10
DA:35,10
DA:39,3
DA:40,3
DA:41,3
DA:45,3
DA:46,3
DA:47,1
DA:48,1
DA:49,1
DA:50,1
DA:51,1
DA:57,30
DA:58,30
DA:59,30
DA:62,1
DA:63,1
DA:64,1
DA:67,4
DA:68,4
DA:71,3
DA:72,2
DA:73,2
DA:74,2
LF:29
LH:29
BRDA:20,1,0,5
BRDA:20,1,1,0
BRDA:31,2,0,10
BRDA:31,2,1,0
BRDA:45,3,0,3
BRDA:45,3,1,0
BRDA:46,4,0,1
BRDA:46,4,1,2
BRDA:62,5,0,1
BRDA:62,5,1,0
BRDA:71,6,0,2
BRDA:71,6,1,1
BRF:12
BRH:8
end_of_record
TN:
SF:/home/jlandrews/School/UCBerkeley-EECS-Coursework/Dev Decal/Midterm/contracts/utils/Math.sol
FN:10,max64
FN:14,min64
FN:18,max256
FN:22,min256
FNF:4
FNH:0
FNDA:0,max64
FNDA:0,min64
FNDA:0,max256
FNDA:0,min256
DA:11,0
DA:15,0
DA:19,0
DA:23,0
LF:4
LH:0
BRF:0
BRH:0
end_of_record
TN:
SF:/home/jlandrews/School/UCBerkeley-EECS-Coursework/Dev Decal/Midterm/contracts/utils/SafeMath.sol
FN:10,mul
FN:16,div
FN:23,sub
FN:28,add
FNF:4
FNH:4
FNDA:10,mul
FNDA:2,div
FNDA:6,sub
FNDA:46,add
DA:11,10
DA:12,10
DA:13,10
DA:18,2
DA:20,2
DA:24,6
DA:25,6
DA:29,46
DA:30,46
DA:31,46
LF:10
LH:10
BRDA:12,1,0,10
BRDA:12,1,1,0
BRDA:24,2,0,6
BRDA:24,2,1,0
BRDA:30,3,0,46
BRDA:30,3,1,0
BRF:6
BRH:3
end_of_record
