TN:
SF:/home/jlandrews/School/UCBerkeley-EECS-Coursework/Dev Decal/Midterm/contracts/Crowdsale.sol
FN:25,onlyOwner
FN:26,windowOpen
FN:27,windowClosed
FN:32,Crowdsale
FN:42,
FN:44,buy
FN:55,refund
FN:63,depositOf
FN:67,withdraw
FN:73,ownerWithdraw
FN:80,ownerMint
FN:84,ownerBurn
FNF:12
FNH:11
FNDA:5,onlyOwner
FNDA:11,windowOpen
FNDA:2,windowClosed
FNDA:15,Crowdsale
FNDA:1,
FNDA:9,buy
FNDA:1,refund
FNDA:2,depositOf
FNDA:2,withdraw
FNDA:1,ownerWithdraw
FNDA:2,ownerMint
FNDA:0,ownerBurn
DA:33,15
DA:34,15
DA:35,15
DA:36,15
DA:37,15
DA:38,15
DA:39,15
DA:45,9
DA:46,8
DA:47,7
DA:48,7
DA:49,6
DA:50,6
DA:51,6
DA:52,6
DA:56,1
DA:57,1
DA:58,1
DA:59,1
DA:60,1
DA:64,2
DA:68,2
DA:69,1
DA:70,1
DA:77,1
DA:81,2
DA:85,0
LF:27
LH:26
BRDA:25,1,0,4
BRDA:25,1,1,1
BRDA:26,2,0,10
BRDA:26,2,1,1
BRDA:27,3,0,1
BRDA:27,3,1,1
BRDA:45,4,0,8
BRDA:45,4,1,1
BRDA:46,5,0,7
BRDA:46,5,1,1
BRDA:48,6,0,6
BRDA:48,6,1,1
BRDA:68,7,0,1
BRDA:68,7,1,1
BRF:14
BRH:14
end_of_record
TN:
SF:/home/jlandrews/School/UCBerkeley-EECS-Coursework/Dev Decal/Midterm/contracts/interfaces/ERC20Interface.sol
FNF:0
FNH:0
LF:0
LH:0
BRF:0
BRH:0
end_of_record
TN:
SF:/home/jlandrews/School/UCBerkeley-EECS-Coursework/Dev Decal/Midterm/contracts/Queue.sol
FN:38,Queue
FN:44,qsize
FN:49,empty
FN:54,getFirst
FN:60,checkPlace
FN:70,checkTime
FN:78,dequeue
FN:85,externDequeue
FN:91,enqueue
FN:100,getMaxSize
FNF:10
FNH:10
FNDA:28,Queue
FNDA:18,qsize
FNDA:6,empty
FNDA:18,getFirst
FNDA:3,checkPlace
FNDA:1,checkTime
FNDA:22,dequeue
FNDA:21,externDequeue
FNDA:50,enqueue
FNDA:12,getMaxSize
DA:39,28
DA:40,28
DA:45,18
DA:50,6
DA:55,18
DA:56,16
DA:61,3
DA:62,8
DA:71,1
DA:72,1
DA:79,22
DA:80,22
DA:81,22
DA:82,22
DA:86,21
DA:87,21
DA:92,50
DA:93,48
DA:94,20
DA:96,28
DA:97,48
DA:101,12
LF:22
LH:22
BRDA:55,1,0,16
BRDA:55,1,1,2
BRDA:62,2,0,2
BRDA:62,2,1,6
BRDA:72,3,0,1
BRDA:72,3,1,0
BRDA:82,4,0,20
BRDA:82,4,1,2
BRDA:86,5,0,21
BRDA:86,5,1,0
BRDA:92,6,0,48
BRDA:92,6,1,2
BRDA:93,7,0,20
BRDA:93,7,1,28
BRF:14
BRH:12
end_of_record
TN:
SF:/home/jlandrews/School/UCBerkeley-EECS-Coursework/Dev Decal/Midterm/contracts/Token.sol
FN:20,onlyOwner
FN:22,balanceOf
FN:26,allowance
FN:30,transfer
FN:38,approve
FN:44,transferFrom
FN:56,Token
FN:61,refund
FN:66,mint
FN:70,burn
FNF:10
FNH:10
FNDA:5,onlyOwner
FNDA:11,balanceOf
FNDA:1,allowance
FNDA:7,transfer
FNDA:3,approve
FNDA:3,transferFrom
FNDA:28,Token
FNDA:1,refund
FNDA:4,mint
FNDA:2,burn
DA:23,11
DA:27,1
DA:31,7
DA:32,7
DA:33,7
DA:34,7
DA:35,7
DA:39,3
DA:40,3
DA:41,3
DA:45,3
DA:46,3
DA:47,1
DA:48,1
DA:49,1
DA:50,1
DA:51,1
DA:57,28
DA:58,28
DA:59,28
DA:62,1
DA:63,1
DA:64,1
DA:67,4
DA:68,4
DA:71,2
DA:72,1
DA:73,1
DA:74,1
LF:29
LH:29
BRDA:20,1,0,5
BRDA:20,1,1,0
BRDA:31,2,0,7
BRDA:31,2,1,0
BRDA:45,3,0,3
BRDA:45,3,1,0
BRDA:46,4,0,1
BRDA:46,4,1,2
BRDA:62,5,0,1
BRDA:62,5,1,0
BRDA:71,6,0,1
BRDA:71,6,1,1
BRF:12
BRH:8
end_of_record
TN:
SF:/home/jlandrews/School/UCBerkeley-EECS-Coursework/Dev Decal/Midterm/contracts/utils/Math.sol
FN:10,max64
FN:14,min64
FN:18,max256
FN:22,min256
FNF:4
FNH:0
FNDA:0,max64
FNDA:0,min64
FNDA:0,max256
FNDA:0,min256
DA:11,0
DA:15,0
DA:19,0
DA:23,0
LF:4
LH:0
BRF:0
BRH:0
end_of_record
TN:
SF:/home/jlandrews/School/UCBerkeley-EECS-Coursework/Dev Decal/Midterm/contracts/utils/SafeMath.sol
FN:10,mul
FN:16,div
FN:23,sub
FN:28,add
FNF:4
FNH:4
FNDA:7,mul
FNDA:2,div
FNDA:4,sub
FNDA:37,add
DA:11,7
DA:12,7
DA:13,7
DA:18,2
DA:20,2
DA:24,4
DA:25,4
DA:29,37
DA:30,37
DA:31,37
LF:10
LH:10
BRDA:12,1,0,7
BRDA:12,1,1,0
BRDA:24,2,0,4
BRDA:24,2,1,0
BRDA:30,3,0,37
BRDA:30,3,1,0
BRF:6
BRH:3
end_of_record
